<?xml version="1.0" encoding="UTF-8"?>
<testsuite xmlns:xsi="http://www.w3.org/2001/XMLSchema-instance" xsi:noNamespaceSchemaLocation="https://maven.apache.org/surefire/maven-surefire-plugin/xsd/surefire-test-report.xsd" name="com.systelab.patient.controller.PatientControllerTest" time="14.091" tests="1" errors="0" skipped="0" failures="1">
  <properties>
    <property name="sun.desktop" value="windows"/>
    <property name="awt.toolkit" value="sun.awt.windows.WToolkit"/>
    <property name="file.encoding.pkg" value="sun.io"/>
    <property name="java.specification.version" value="1.8"/>
    <property name="sun.cpu.isalist" value="amd64"/>
    <property name="sun.jnu.encoding" value="Cp1252"/>
    <property name="java.class.path" value="C:\Users\KIRTI\OneDrive\Desktop\poc\test-pipeline\target\test-classes;C:\Users\KIRTI\OneDrive\Desktop\poc\test-pipeline\target\classes;C:\Users\KIRTI\.m2\repository\io\quarkus\quarkus-resteasy\1.1.0.CR1\quarkus-resteasy-1.1.0.CR1.jar;C:\Users\KIRTI\.m2\repository\io\quarkus\quarkus-vertx-http\1.1.0.CR1\quarkus-vertx-http-1.1.0.CR1.jar;C:\Users\KIRTI\.m2\repository\io\quarkus\security\quarkus-security\1.0.1.Final\quarkus-security-1.0.1.Final.jar;C:\Users\KIRTI\.m2\repository\io\quarkus\quarkus-vertx-core\1.1.0.CR1\quarkus-vertx-core-1.1.0.CR1.jar;C:\Users\KIRTI\.m2\repository\io\quarkus\quarkus-netty\1.1.0.CR1\quarkus-netty-1.1.0.CR1.jar;C:\Users\KIRTI\.m2\repository\io\netty\netty-codec\4.1.42.Final\netty-codec-4.1.42.Final.jar;C:\Users\KIRTI\.m2\repository\io\netty\netty-handler\4.1.42.Final\netty-handler-4.1.42.Final.jar;C:\Users\KIRTI\.m2\repository\io\vertx\vertx-core\3.8.4\vertx-core-3.8.4.jar;C:\Users\KIRTI\.m2\repository\io\netty\netty-common\4.1.42.Final\netty-common-4.1.42.Final.jar;C:\Users\KIRTI\.m2\repository\io\netty\netty-buffer\4.1.42.Final\netty-buffer-4.1.42.Final.jar;C:\Users\KIRTI\.m2\repository\io\netty\netty-transport\4.1.42.Final\netty-transport-4.1.42.Final.jar;C:\Users\KIRTI\.m2\repository\io\netty\netty-handler-proxy\4.1.42.Final\netty-handler-proxy-4.1.42.Final.jar;C:\Users\KIRTI\.m2\repository\io\netty\netty-codec-socks\4.1.42.Final\netty-codec-socks-4.1.42.Final.jar;C:\Users\KIRTI\.m2\repository\io\netty\netty-codec-http\4.1.42.Final\netty-codec-http-4.1.42.Final.jar;C:\Users\KIRTI\.m2\repository\io\netty\netty-codec-http2\4.1.42.Final\netty-codec-http2-4.1.42.Final.jar;C:\Users\KIRTI\.m2\repository\io\netty\netty-resolver\4.1.42.Final\netty-resolver-4.1.42.Final.jar;C:\Users\KIRTI\.m2\repository\io\netty\netty-resolver-dns\4.1.42.Final\netty-resolver-dns-4.1.42.Final.jar;C:\Users\KIRTI\.m2\repository\io\netty\netty-codec-dns\4.1.42.Final\netty-codec-dns-4.1.42.Final.jar;C:\Users\KIRTI\.m2\repository\io\vertx\vertx-web\3.8.4\vertx-web-3.8.4.jar;C:\Users\KIRTI\.m2\repository\io\vertx\vertx-web-common\3.8.4\vertx-web-common-3.8.4.jar;C:\Users\KIRTI\.m2\repository\io\vertx\vertx-auth-common\3.8.4\vertx-auth-common-3.8.4.jar;C:\Users\KIRTI\.m2\repository\io\vertx\vertx-bridge-common\3.8.4\vertx-bridge-common-3.8.4.jar;C:\Users\KIRTI\.m2\repository\io\quarkus\quarkus-resteasy-server-common\1.1.0.CR1\quarkus-resteasy-server-common-1.1.0.CR1.jar;C:\Users\KIRTI\.m2\repository\jakarta\validation\jakarta.validation-api\2.0.2\jakarta.validation-api-2.0.2.jar;C:\Users\KIRTI\.m2\repository\io\quarkus\quarkus-junit5\1.1.0.CR1\quarkus-junit5-1.1.0.CR1.jar;C:\Users\KIRTI\.m2\repository\io\quarkus\quarkus-bootstrap-core\1.1.0.CR1\quarkus-bootstrap-core-1.1.0.CR1.jar;C:\Users\KIRTI\.m2\repository\org\apache\commons\commons-lang3\3.9\commons-lang3-3.9.jar;C:\Users\KIRTI\.m2\repository\org\apache\maven\maven-embedder\3.5.4\maven-embedder-3.5.4.jar;C:\Users\KIRTI\.m2\repository\org\apache\maven\maven-settings\3.5.4\maven-settings-3.5.4.jar;C:\Users\KIRTI\.m2\repository\org\apache\maven\maven-core\3.5.4\maven-core-3.5.4.jar;C:\Users\KIRTI\.m2\repository\org\apache\maven\maven-artifact\3.5.4\maven-artifact-3.5.4.jar;C:\Users\KIRTI\.m2\repository\org\apache\maven\maven-plugin-api\3.5.4\maven-plugin-api-3.5.4.jar;C:\Users\KIRTI\.m2\repository\org\apache\maven\maven-model\3.5.4\maven-model-3.5.4.jar;C:\Users\KIRTI\.m2\repository\org\apache\maven\maven-model-builder\3.5.4\maven-model-builder-3.5.4.jar;C:\Users\KIRTI\.m2\repository\org\apache\maven\maven-builder-support\3.5.4\maven-builder-support-3.5.4.jar;C:\Users\KIRTI\.m2\repository\org\apache\maven\resolver\maven-resolver-api\1.1.1\maven-resolver-api-1.1.1.jar;C:\Users\KIRTI\.m2\repository\org\apache\maven\resolver\maven-resolver-util\1.1.1\maven-resolver-util-1.1.1.jar;C:\Users\KIRTI\.m2\repository\org\apache\maven\shared\maven-shared-utils\3.2.1\maven-shared-utils-3.2.1.jar;C:\Users\KIRTI\.m2\repository\com\google\inject\guice\4.2.0\guice-4.2.0-no_aop.jar;C:\Users\KIRTI\.m2\repository\aopalliance\aopalliance\1.0\aopalliance-1.0.jar;C:\Users\KIRTI\.m2\repository\org\codehaus\plexus\plexus-utils\3.0.24\plexus-utils-3.0.24.jar;C:\Users\KIRTI\.m2\repository\org\codehaus\plexus\plexus-classworlds\2.5.2\plexus-classworlds-2.5.2.jar;C:\Users\KIRTI\.m2\repository\org\eclipse\sisu\org.eclipse.sisu.plexus\0.3.3\org.eclipse.sisu.plexus-0.3.3.jar;C:\Users\KIRTI\.m2\repository\org\codehaus\plexus\plexus-component-annotations\1.7.1\plexus-component-annotations-1.7.1.jar;C:\Users\KIRTI\.m2\repository\commons-cli\commons-cli\1.4\commons-cli-1.4.jar;C:\Users\KIRTI\.m2\repository\org\apache\maven\maven-settings-builder\3.5.4\maven-settings-builder-3.5.4.jar;C:\Users\KIRTI\.m2\repository\org\codehaus\plexus\plexus-interpolation\1.24\plexus-interpolation-1.24.jar;C:\Users\KIRTI\.m2\repository\org\sonatype\plexus\plexus-sec-dispatcher\1.4\plexus-sec-dispatcher-1.4.jar;C:\Users\KIRTI\.m2\repository\org\sonatype\plexus\plexus-cipher\1.4\plexus-cipher-1.4.jar;C:\Users\KIRTI\.m2\repository\org\apache\maven\maven-resolver-provider\3.5.4\maven-resolver-provider-3.5.4.jar;C:\Users\KIRTI\.m2\repository\org\apache\maven\maven-repository-metadata\3.5.4\maven-repository-metadata-3.5.4.jar;C:\Users\KIRTI\.m2\repository\org\apache\maven\resolver\maven-resolver-spi\1.1.1\maven-resolver-spi-1.1.1.jar;C:\Users\KIRTI\.m2\repository\org\apache\maven\resolver\maven-resolver-impl\1.1.1\maven-resolver-impl-1.1.1.jar;C:\Users\KIRTI\.m2\repository\org\apache\maven\resolver\maven-resolver-connector-basic\1.1.1\maven-resolver-connector-basic-1.1.1.jar;C:\Users\KIRTI\.m2\repository\org\apache\maven\resolver\maven-resolver-transport-wagon\1.1.1\maven-resolver-transport-wagon-1.1.1.jar;C:\Users\KIRTI\.m2\repository\org\apache\maven\wagon\wagon-provider-api\3.0.0\wagon-provider-api-3.0.0.jar;C:\Users\KIRTI\.m2\repository\org\apache\maven\wagon\wagon-http\3.0.0\wagon-http-3.0.0.jar;C:\Users\KIRTI\.m2\repository\org\apache\maven\wagon\wagon-http-shared\3.0.0\wagon-http-shared-3.0.0.jar;C:\Users\KIRTI\.m2\repository\org\jsoup\jsoup\1.7.2\jsoup-1.7.2.jar;C:\Users\KIRTI\.m2\repository\org\apache\maven\wagon\wagon-file\3.0.0\wagon-file-3.0.0.jar;C:\Users\KIRTI\.m2\repository\org\jboss\logging\jboss-logging\3.3.2.Final\jboss-logging-3.3.2.Final.jar;C:\Users\KIRTI\.m2\repository\io\quarkus\quarkus-test-common\1.1.0.CR1\quarkus-test-common-1.1.0.CR1.jar;C:\Users\KIRTI\.m2\repository\io\quarkus\quarkus-core-deployment\1.1.0.CR1\quarkus-core-deployment-1.1.0.CR1.jar;C:\Users\KIRTI\.m2\repository\io\quarkus\gizmo\gizmo\1.0.0.Final\gizmo-1.0.0.Final.jar;C:\Users\KIRTI\.m2\repository\org\ow2\asm\asm-util\7.1\asm-util-7.1.jar;C:\Users\KIRTI\.m2\repository\org\ow2\asm\asm-tree\7.1\asm-tree-7.1.jar;C:\Users\KIRTI\.m2\repository\org\ow2\asm\asm-analysis\7.1\asm-analysis-7.1.jar;C:\Users\KIRTI\.m2\repository\org\ow2\asm\asm\7.1\asm-7.1.jar;C:\Users\KIRTI\.m2\repository\io\quarkus\quarkus-builder\1.1.0.CR1\quarkus-builder-1.1.0.CR1.jar;C:\Users\KIRTI\.m2\repository\io\quarkus\quarkus-jsonp-deployment\1.1.0.CR1\quarkus-jsonp-deployment-1.1.0.CR1.jar;C:\Users\KIRTI\.m2\repository\org\jboss\jandex\2.1.2.Final\jandex-2.1.2.Final.jar;C:\Users\KIRTI\.m2\repository\org\junit\jupiter\junit-jupiter\5.5.2\junit-jupiter-5.5.2.jar;C:\Users\KIRTI\.m2\repository\org\junit\jupiter\junit-jupiter-api\5.5.2\junit-jupiter-api-5.5.2.jar;C:\Users\KIRTI\.m2\repository\org\apiguardian\apiguardian-api\1.1.0\apiguardian-api-1.1.0.jar;C:\Users\KIRTI\.m2\repository\org\opentest4j\opentest4j\1.2.0\opentest4j-1.2.0.jar;C:\Users\KIRTI\.m2\repository\org\junit\platform\junit-platform-commons\1.5.2\junit-platform-commons-1.5.2.jar;C:\Users\KIRTI\.m2\repository\org\junit\jupiter\junit-jupiter-params\5.5.2\junit-jupiter-params-5.5.2.jar;C:\Users\KIRTI\.m2\repository\org\junit\jupiter\junit-jupiter-engine\5.5.2\junit-jupiter-engine-5.5.2.jar;C:\Users\KIRTI\.m2\repository\org\junit\platform\junit-platform-engine\1.5.2\junit-platform-engine-1.5.2.jar;C:\Users\KIRTI\.m2\repository\io\quarkus\quarkus-core\1.1.0.CR1\quarkus-core-1.1.0.CR1.jar;C:\Users\KIRTI\.m2\repository\io\smallrye\config\smallrye-config\1.5.0\smallrye-config-1.5.0.jar;C:\Users\KIRTI\.m2\repository\io\smallrye\config\smallrye-config-common\1.5.0\smallrye-config-common-1.5.0.jar;C:\Users\KIRTI\.m2\repository\org\jboss\logmanager\jboss-logmanager-embedded\1.0.4\jboss-logmanager-embedded-1.0.4.jar;C:\Users\KIRTI\.m2\repository\org\jboss\logging\jboss-logging-annotations\2.1.0.Final\jboss-logging-annotations-2.1.0.Final.jar;C:\Users\KIRTI\.m2\repository\org\jboss\threads\jboss-threads\3.0.0.Final\jboss-threads-3.0.0.Final.jar;C:\Users\KIRTI\.m2\repository\org\slf4j\slf4j-api\1.7.29\slf4j-api-1.7.29.jar;C:\Users\KIRTI\.m2\repository\org\jboss\slf4j\slf4j-jboss-logging\1.2.0.Final\slf4j-jboss-logging-1.2.0.Final.jar;C:\Users\KIRTI\.m2\repository\org\graalvm\sdk\graal-sdk\19.3.0\graal-sdk-19.3.0.jar;C:\Users\KIRTI\.m2\repository\org\wildfly\common\wildfly-common\1.5.0.Final-format-001\wildfly-common-1.5.0.Final-format-001.jar;C:\Users\KIRTI\.m2\repository\io\rest-assured\rest-assured\4.1.2\rest-assured-4.1.2.jar;C:\Users\KIRTI\.m2\repository\org\codehaus\groovy\groovy\2.5.8\groovy-2.5.8.jar;C:\Users\KIRTI\.m2\repository\org\codehaus\groovy\groovy-xml\2.5.8\groovy-xml-2.5.8.jar;C:\Users\KIRTI\.m2\repository\org\apache\httpcomponents\httpclient\4.5.10\httpclient-4.5.10.jar;C:\Users\KIRTI\.m2\repository\org\apache\httpcomponents\httpcore\4.4.12\httpcore-4.4.12.jar;C:\Users\KIRTI\.m2\repository\commons-codec\commons-codec\1.13\commons-codec-1.13.jar;C:\Users\KIRTI\.m2\repository\org\apache\httpcomponents\httpmime\4.5.3\httpmime-4.5.3.jar;C:\Users\KIRTI\.m2\repository\org\hamcrest\hamcrest\2.1\hamcrest-2.1.jar;C:\Users\KIRTI\.m2\repository\org\ccil\cowan\tagsoup\tagsoup\1.2.1\tagsoup-1.2.1.jar;C:\Users\KIRTI\.m2\repository\io\rest-assured\json-path\4.1.2\json-path-4.1.2.jar;C:\Users\KIRTI\.m2\repository\org\codehaus\groovy\groovy-json\2.5.8\groovy-json-2.5.8.jar;C:\Users\KIRTI\.m2\repository\io\rest-assured\rest-assured-common\4.1.2\rest-assured-common-4.1.2.jar;C:\Users\KIRTI\.m2\repository\io\rest-assured\xml-path\4.1.2\xml-path-4.1.2.jar;C:\Users\KIRTI\.m2\repository\javax\xml\bind\jaxb-api\2.3.1\jaxb-api-2.3.1.jar;C:\Users\KIRTI\.m2\repository\org\apache\sling\org.apache.sling.javax.activation\0.1.0\org.apache.sling.javax.activation-0.1.0.jar;C:\Users\KIRTI\.m2\repository\io\quarkus\quarkus-resteasy-jsonb\1.1.0.CR1\quarkus-resteasy-jsonb-1.1.0.CR1.jar;C:\Users\KIRTI\.m2\repository\io\quarkus\quarkus-jsonb\1.1.0.CR1\quarkus-jsonb-1.1.0.CR1.jar;C:\Users\KIRTI\.m2\repository\org\eclipse\yasson\1.0.5\yasson-1.0.5.jar;C:\Users\KIRTI\.m2\repository\org\jboss\resteasy\resteasy-json-binding-provider\4.4.1.Final\resteasy-json-binding-provider-4.4.1.Final.jar;C:\Users\KIRTI\.m2\repository\org\glassfish\jakarta.json\1.1.6\jakarta.json-1.1.6.jar;C:\Users\KIRTI\.m2\repository\jakarta\json\bind\jakarta.json.bind-api\1.0.2\jakarta.json.bind-api-1.0.2.jar;C:\Users\KIRTI\.m2\repository\org\jboss\resteasy\resteasy-json-p-provider\4.4.1.Final\resteasy-json-p-provider-4.4.1.Final.jar;C:\Users\KIRTI\.m2\repository\commons-io\commons-io\2.6\commons-io-2.6.jar;C:\Users\KIRTI\.m2\repository\io\quarkus\quarkus-rest-client\1.1.0.CR1\quarkus-rest-client-1.1.0.CR1.jar;C:\Users\KIRTI\.m2\repository\io\quarkus\quarkus-arc\1.1.0.CR1\quarkus-arc-1.1.0.CR1.jar;C:\Users\KIRTI\.m2\repository\io\quarkus\arc\arc\1.1.0.CR1\arc-1.1.0.CR1.jar;C:\Users\KIRTI\.m2\repository\org\eclipse\microprofile\context-propagation\microprofile-context-propagation-api\1.0.1\microprofile-context-propagation-api-1.0.1.jar;C:\Users\KIRTI\.m2\repository\io\quarkus\quarkus-resteasy-common\1.1.0.CR1\quarkus-resteasy-common-1.1.0.CR1.jar;C:\Users\KIRTI\.m2\repository\org\jboss\resteasy\resteasy-core\4.4.1.Final\resteasy-core-4.4.1.Final.jar;C:\Users\KIRTI\.m2\repository\org\jboss\spec\javax\ws\rs\jboss-jaxrs-api_2.1_spec\2.0.1.Final\jboss-jaxrs-api_2.1_spec-2.0.1.Final.jar;C:\Users\KIRTI\.m2\repository\org\jboss\spec\javax\xml\bind\jboss-jaxb-api_2.3_spec\2.0.0.Final\jboss-jaxb-api_2.3_spec-2.0.0.Final.jar;C:\Users\KIRTI\.m2\repository\org\jboss\resteasy\resteasy-core-spi\4.4.1.Final\resteasy-core-spi-4.4.1.Final.jar;C:\Users\KIRTI\.m2\repository\com\sun\activation\jakarta.activation\1.2.1\jakarta.activation-1.2.1.jar;C:\Users\KIRTI\.m2\repository\org\jboss\resteasy\resteasy-client-microprofile\4.4.1.Final\resteasy-client-microprofile-4.4.1.Final.jar;C:\Users\KIRTI\.m2\repository\org\jboss\resteasy\resteasy-client\4.4.1.Final\resteasy-client-4.4.1.Final.jar;C:\Users\KIRTI\.m2\repository\org\jboss\resteasy\resteasy-client-api\4.4.1.Final\resteasy-client-api-4.4.1.Final.jar;C:\Users\KIRTI\.m2\repository\org\jboss\resteasy\resteasy-cdi\4.4.1.Final\resteasy-cdi-4.4.1.Final.jar;C:\Users\KIRTI\.m2\repository\org\jboss\weld\weld-api\3.0.SP4\weld-api-3.0.SP4.jar;C:\Users\KIRTI\.m2\repository\org\eclipse\microprofile\rest\client\microprofile-rest-client-api\1.3.4\microprofile-rest-client-api-1.3.4.jar;C:\Users\KIRTI\.m2\repository\jakarta\interceptor\jakarta.interceptor-api\1.2.5\jakarta.interceptor-api-1.2.5.jar;C:\Users\KIRTI\.m2\repository\org\apache\httpcomponents\httpasyncclient\4.1.4\httpasyncclient-4.1.4.jar;C:\Users\KIRTI\.m2\repository\org\apache\httpcomponents\httpcore-nio\4.4.10\httpcore-nio-4.4.10.jar;C:\Users\KIRTI\.m2\repository\org\jboss\logging\commons-logging-jboss-logging\1.0.0.Final\commons-logging-jboss-logging-1.0.0.Final.jar;C:\Users\KIRTI\.m2\repository\io\quarkus\quarkus-smallrye-fault-tolerance\1.1.0.CR1\quarkus-smallrye-fault-tolerance-1.1.0.CR1.jar;C:\Users\KIRTI\.m2\repository\io\smallrye\smallrye-fault-tolerance\2.1.2\smallrye-fault-tolerance-2.1.2.jar;C:\Users\KIRTI\.m2\repository\org\eclipse\microprofile\fault-tolerance\microprofile-fault-tolerance-api\2.0.2\microprofile-fault-tolerance-api-2.0.2.jar;C:\Users\KIRTI\.m2\repository\com\netflix\hystrix\hystrix-core\1.5.12\hystrix-core-1.5.12.jar;C:\Users\KIRTI\.m2\repository\com\netflix\archaius\archaius-core\0.4.1\archaius-core-0.4.1.jar;C:\Users\KIRTI\.m2\repository\commons-configuration\commons-configuration\1.8\commons-configuration-1.8.jar;C:\Users\KIRTI\.m2\repository\commons-lang\commons-lang\2.6\commons-lang-2.6.jar;C:\Users\KIRTI\.m2\repository\org\hdrhistogram\HdrHistogram\2.1.9\HdrHistogram-2.1.9.jar;C:\Users\KIRTI\.m2\repository\javax\enterprise\concurrent\javax.enterprise.concurrent-api\1.0\javax.enterprise.concurrent-api-1.0.jar;C:\Users\KIRTI\.m2\repository\org\eclipse\microprofile\config\microprofile-config-api\1.3\microprofile-config-api-1.3.jar;C:\Users\KIRTI\.m2\repository\org\eclipse\microprofile\metrics\microprofile-metrics-api\2.2\microprofile-metrics-api-2.2.jar;C:\Users\KIRTI\.m2\repository\org\osgi\org.osgi.annotation.versioning\1.0.0\org.osgi.annotation.versioning-1.0.0.jar;C:\Users\KIRTI\.m2\repository\jakarta\enterprise\jakarta.enterprise.cdi-api\2.0.2\jakarta.enterprise.cdi-api-2.0.2.jar;C:\Users\KIRTI\.m2\repository\jakarta\el\jakarta.el-api\3.0.3\jakarta.el-api-3.0.3.jar;C:\Users\KIRTI\.m2\repository\jakarta\annotation\jakarta.annotation-api\1.3.5\jakarta.annotation-api-1.3.5.jar;C:\Users\KIRTI\.m2\repository\io\quarkus\quarkus-smallrye-context-propagation\1.1.0.CR1\quarkus-smallrye-context-propagation-1.1.0.CR1.jar;C:\Users\KIRTI\.m2\repository\io\smallrye\smallrye-context-propagation\1.0.11\smallrye-context-propagation-1.0.11.jar;C:\Users\KIRTI\.m2\repository\io\smallrye\smallrye-context-propagation-api\1.0.11\smallrye-context-propagation-api-1.0.11.jar;C:\Users\KIRTI\.m2\repository\org\jboss\resteasy\resteasy-context-propagation\4.4.1.Final\resteasy-context-propagation-4.4.1.Final.jar;C:\Users\KIRTI\.m2\repository\io\smallrye\smallrye-context-propagation-propagators-rxjava1\1.0.11\smallrye-context-propagation-propagators-rxjava1-1.0.11.jar;C:\Users\KIRTI\.m2\repository\io\reactivex\rxjava\1.3.8\rxjava-1.3.8.jar;C:\Users\KIRTI\.m2\repository\io\quarkus\quarkus-smallrye-health\1.1.0.CR1\quarkus-smallrye-health-1.1.0.CR1.jar;C:\Users\KIRTI\.m2\repository\io\smallrye\smallrye-health\2.1.0\smallrye-health-2.1.0.jar;C:\Users\KIRTI\.m2\repository\org\eclipse\microprofile\health\microprofile-health-api\2.1\microprofile-health-api-2.1.jar;C:\Users\KIRTI\.m2\repository\jakarta\inject\jakarta.inject-api\1.0\jakarta.inject-api-1.0.jar;C:\Users\KIRTI\.m2\repository\io\quarkus\quarkus-jsonp\1.1.0.CR1\quarkus-jsonp-1.1.0.CR1.jar;C:\Users\KIRTI\.m2\repository\io\quarkus\quarkus-smallrye-jwt\1.1.0.CR1\quarkus-smallrye-jwt-1.1.0.CR1.jar;C:\Users\KIRTI\.m2\repository\io\smallrye\smallrye-jwt\2.0.10\smallrye-jwt-2.0.10.jar;C:\Users\KIRTI\.m2\repository\org\eclipse\microprofile\jwt\microprofile-jwt-auth-api\1.1.1\microprofile-jwt-auth-api-1.1.1.jar;C:\Users\KIRTI\.m2\repository\org\bitbucket\b_c\jose4j\0.7.0\jose4j-0.7.0.jar;C:\Users\KIRTI\.m2\repository\io\quarkus\quarkus-vertx-web\1.1.0.CR1\quarkus-vertx-web-1.1.0.CR1.jar;C:\Users\KIRTI\.m2\repository\io\quarkus\quarkus-vertx\1.1.0.CR1\quarkus-vertx-1.1.0.CR1.jar;C:\Users\KIRTI\.m2\repository\io\quarkus\quarkus-jackson\1.1.0.CR1\quarkus-jackson-1.1.0.CR1.jar;C:\Users\KIRTI\.m2\repository\com\fasterxml\jackson\datatype\jackson-datatype-jsr310\2.9.10\jackson-datatype-jsr310-2.9.10.jar;C:\Users\KIRTI\.m2\repository\com\fasterxml\jackson\datatype\jackson-datatype-jdk8\2.9.10\jackson-datatype-jdk8-2.9.10.jar;C:\Users\KIRTI\.m2\repository\com\fasterxml\jackson\module\jackson-module-parameter-names\2.9.10\jackson-module-parameter-names-2.9.10.jar;C:\Users\KIRTI\.m2\repository\io\smallrye\reactive\smallrye-axle-generator\0.0.10\smallrye-axle-generator-0.0.10.jar;C:\Users\KIRTI\.m2\repository\io\vertx\vertx-codegen\3.8.4\vertx-codegen-3.8.4.jar;C:\Users\KIRTI\.m2\repository\org\mvel\mvel2\2.4.4.Final\mvel2-2.4.4.Final.jar;C:\Users\KIRTI\.m2\repository\io\smallrye\reactive\smallrye-axle-core\0.0.10\smallrye-axle-core-0.0.10.jar;C:\Users\KIRTI\.m2\repository\io\vertx\vertx-rx-java2\3.8.4\vertx-rx-java2-3.8.4.jar;C:\Users\KIRTI\.m2\repository\io\vertx\vertx-rx-gen\3.8.4\vertx-rx-gen-3.8.4.jar;C:\Users\KIRTI\.m2\repository\io\quarkus\quarkus-security\1.1.0.CR1\quarkus-security-1.1.0.CR1.jar;C:\Users\KIRTI\.m2\repository\jakarta\servlet\jakarta.servlet-api\4.0.3\jakarta.servlet-api-4.0.3.jar;C:\Users\KIRTI\.m2\repository\io\quarkus\quarkus-smallrye-openapi\1.1.0.CR1\quarkus-smallrye-openapi-1.1.0.CR1.jar;C:\Users\KIRTI\.m2\repository\io\smallrye\smallrye-open-api\1.1.20\smallrye-open-api-1.1.20.jar;C:\Users\KIRTI\.m2\repository\org\eclipse\microprofile\openapi\microprofile-openapi-api\1.1.2\microprofile-openapi-api-1.1.2.jar;C:\Users\KIRTI\.m2\repository\com\fasterxml\jackson\core\jackson-core\2.9.10\jackson-core-2.9.10.jar;C:\Users\KIRTI\.m2\repository\com\fasterxml\jackson\core\jackson-databind\2.9.10.1\jackson-databind-2.9.10.1.jar;C:\Users\KIRTI\.m2\repository\com\fasterxml\jackson\core\jackson-annotations\2.9.10\jackson-annotations-2.9.10.jar;C:\Users\KIRTI\.m2\repository\com\fasterxml\jackson\dataformat\jackson-dataformat-yaml\2.9.10\jackson-dataformat-yaml-2.9.10.jar;C:\Users\KIRTI\.m2\repository\org\yaml\snakeyaml\1.23\snakeyaml-1.23.jar;C:\Users\KIRTI\.m2\repository\org\jboss\shrinkwrap\shrinkwrap-api\1.2.6\shrinkwrap-api-1.2.6.jar;C:\Users\KIRTI\.m2\repository\io\quarkus\quarkus-swagger-ui\1.1.0.CR1\quarkus-swagger-ui-1.1.0.CR1.jar;C:\Users\KIRTI\.m2\repository\io\quarkus\quarkus-hibernate-orm-panache\1.1.0.CR1\quarkus-hibernate-orm-panache-1.1.0.CR1.jar;C:\Users\KIRTI\.m2\repository\io\quarkus\quarkus-hibernate-orm\1.1.0.CR1\quarkus-hibernate-orm-1.1.0.CR1.jar;C:\Users\KIRTI\.m2\repository\io\quarkus\quarkus-agroal\1.1.0.CR1\quarkus-agroal-1.1.0.CR1.jar;C:\Users\KIRTI\.m2\repository\org\jboss\narayana\jta\narayana-jta\5.10.0.Final\narayana-jta-5.10.0.Final.jar;C:\Users\KIRTI\.m2\repository\org\jboss\jboss-transaction-spi\7.6.0.Final\jboss-transaction-spi-7.6.0.Final.jar;C:\Users\KIRTI\.m2\repository\org\jboss\spec\javax\resource\jboss-connector-api_1.7_spec\1.0.0.Final\jboss-connector-api_1.7_spec-1.0.0.Final.jar;C:\Users\KIRTI\.m2\repository\org\jboss\narayana\jts\narayana-jts-integration\5.10.0.Final\narayana-jts-integration-5.10.0.Final.jar;C:\Users\KIRTI\.m2\repository\io\agroal\agroal-api\1.7\agroal-api-1.7.jar;C:\Users\KIRTI\.m2\repository\io\agroal\agroal-narayana\1.7\agroal-narayana-1.7.jar;C:\Users\KIRTI\.m2\repository\io\agroal\agroal-pool\1.7\agroal-pool-1.7.jar;C:\Users\KIRTI\.m2\repository\io\quarkus\quarkus-vault-spi\1.1.0.CR1\quarkus-vault-spi-1.1.0.CR1.jar;C:\Users\KIRTI\.m2\repository\io\quarkus\quarkus-narayana-jta\1.1.0.CR1\quarkus-narayana-jta-1.1.0.CR1.jar;C:\Users\KIRTI\.m2\repository\io\smallrye\smallrye-context-propagation-jta\1.0.11\smallrye-context-propagation-jta-1.0.11.jar;C:\Users\KIRTI\.m2\repository\io\smallrye\reactive\smallrye-reactive-converter-api\1.0.10\smallrye-reactive-converter-api-1.0.10.jar;C:\Users\KIRTI\.m2\repository\org\hibernate\hibernate-core\5.4.10.Final\hibernate-core-5.4.10.Final.jar;C:\Users\KIRTI\.m2\repository\net\bytebuddy\byte-buddy\1.10.2\byte-buddy-1.10.2.jar;C:\Users\KIRTI\.m2\repository\antlr\antlr\2.7.7\antlr-2.7.7.jar;C:\Users\KIRTI\.m2\repository\com\fasterxml\classmate\1.3.4\classmate-1.3.4.jar;C:\Users\KIRTI\.m2\repository\org\dom4j\dom4j\2.1.1\dom4j-2.1.1.jar;C:\Users\KIRTI\.m2\repository\org\hibernate\common\hibernate-commons-annotations\5.1.0.Final\hibernate-commons-annotations-5.1.0.Final.jar;C:\Users\KIRTI\.m2\repository\jakarta\persistence\jakarta.persistence-api\2.2.3\jakarta.persistence-api-2.2.3.jar;C:\Users\KIRTI\.m2\repository\jakarta\transaction\jakarta.transaction-api\1.3.3\jakarta.transaction-api-1.3.3.jar;C:\Users\KIRTI\.m2\repository\org\hibernate\quarkus-local-cache\0.1.0\quarkus-local-cache-0.1.0.jar;C:\Users\KIRTI\.m2\repository\com\github\ben-manes\caffeine\caffeine\2.6.2\caffeine-2.6.2.jar;C:\Users\KIRTI\.m2\repository\io\quarkus\quarkus-caffeine\1.1.0.CR1\quarkus-caffeine-1.1.0.CR1.jar;C:\Users\KIRTI\.m2\repository\io\quarkus\quarkus-panache-common\1.1.0.CR1\quarkus-panache-common-1.1.0.CR1.jar;C:\Users\KIRTI\.m2\repository\io\quarkus\quarkus-jdbc-h2\1.1.0.CR1\quarkus-jdbc-h2-1.1.0.CR1.jar;C:\Users\KIRTI\.m2\repository\com\h2database\h2\1.4.197\h2-1.4.197.jar;C:\Users\KIRTI\.m2\repository\org\locationtech\jts\jts-core\1.15.0\jts-core-1.15.0.jar;C:\Users\KIRTI\.m2\repository\com\google\guava\guava\27.1-jre\guava-27.1-jre.jar;C:\Users\KIRTI\.m2\repository\com\google\guava\failureaccess\1.0.1\failureaccess-1.0.1.jar;C:\Users\KIRTI\.m2\repository\com\google\guava\listenablefuture\9999.0-empty-to-avoid-conflict-with-guava\listenablefuture-9999.0-empty-to-avoid-conflict-with-guava.jar;C:\Users\KIRTI\.m2\repository\com\google\code\findbugs\jsr305\3.0.2\jsr305-3.0.2.jar;C:\Users\KIRTI\.m2\repository\org\checkerframework\checker-qual\2.5.2\checker-qual-2.5.2.jar;C:\Users\KIRTI\.m2\repository\com\google\errorprone\error_prone_annotations\2.2.0\error_prone_annotations-2.2.0.jar;C:\Users\KIRTI\.m2\repository\com\google\j2objc\j2objc-annotations\1.1\j2objc-annotations-1.1.jar;C:\Users\KIRTI\.m2\repository\org\codehaus\mojo\animal-sniffer-annotations\1.17\animal-sniffer-annotations-1.17.jar;C:\Users\KIRTI\.m2\repository\org\assertj\assertj-core\3.13.2\assertj-core-3.13.2.jar;C:\Users\KIRTI\.m2\repository\io\quarkus\quarkus-smallrye-reactive-streams-operators\1.1.0.CR1\quarkus-smallrye-reactive-streams-operators-1.1.0.CR1.jar;C:\Users\KIRTI\.m2\repository\org\eclipse\microprofile\reactive-streams-operators\microprofile-reactive-streams-operators-api\1.0\microprofile-reactive-streams-operators-api-1.0.jar;C:\Users\KIRTI\.m2\repository\org\reactivestreams\reactive-streams\1.0.3\reactive-streams-1.0.3.jar;C:\Users\KIRTI\.m2\repository\org\eclipse\microprofile\reactive-streams-operators\microprofile-reactive-streams-operators-core\1.0\microprofile-reactive-streams-operators-core-1.0.jar;C:\Users\KIRTI\.m2\repository\io\smallrye\reactive\smallrye-reactive-streams-operators\1.0.10\smallrye-reactive-streams-operators-1.0.10.jar;C:\Users\KIRTI\.m2\repository\io\reactivex\rxjava2\rxjava\2.2.15\rxjava-2.2.15.jar;C:\Users\KIRTI\.m2\repository\io\smallrye\smallrye-context-propagation-propagators-rxjava2\1.0.11\smallrye-context-propagation-propagators-rxjava2-1.0.11.jar;"/>
    <property name="java.vm.vendor" value="Oracle Corporation"/>
    <property name="sun.arch.data.model" value="64"/>
    <property name="user.variant" value=""/>
    <property name="java.vendor.url" value="http://java.oracle.com/"/>
    <property name="user.timezone" value="America/New_York"/>
    <property name="java.vm.specification.version" value="1.8"/>
    <property name="os.name" value="Windows 10"/>
    <property name="user.country" value="IN"/>
    <property name="sun.java.launcher" value="SUN_STANDARD"/>
    <property name="sun.boot.library.path" value="C:\Program Files\Java\jdk1.8.0_191\jre\bin"/>
    <property name="sun.java.command" value="C:\Users\KIRTI\AppData\Local\Temp\surefire3588274374579676210\surefirebooter614013793315212807.jar C:\Users\KIRTI\AppData\Local\Temp\surefire3588274374579676210 2021-01-09T21-29-52_041-jvmRun1 surefire5870698451545253861tmp surefire_03882100873723018643tmp"/>
    <property name="surefire.test.class.path" value="C:\Users\KIRTI\OneDrive\Desktop\poc\test-pipeline\target\test-classes;C:\Users\KIRTI\OneDrive\Desktop\poc\test-pipeline\target\classes;C:\Users\KIRTI\.m2\repository\io\quarkus\quarkus-resteasy\1.1.0.CR1\quarkus-resteasy-1.1.0.CR1.jar;C:\Users\KIRTI\.m2\repository\io\quarkus\quarkus-vertx-http\1.1.0.CR1\quarkus-vertx-http-1.1.0.CR1.jar;C:\Users\KIRTI\.m2\repository\io\quarkus\security\quarkus-security\1.0.1.Final\quarkus-security-1.0.1.Final.jar;C:\Users\KIRTI\.m2\repository\io\quarkus\quarkus-vertx-core\1.1.0.CR1\quarkus-vertx-core-1.1.0.CR1.jar;C:\Users\KIRTI\.m2\repository\io\quarkus\quarkus-netty\1.1.0.CR1\quarkus-netty-1.1.0.CR1.jar;C:\Users\KIRTI\.m2\repository\io\netty\netty-codec\4.1.42.Final\netty-codec-4.1.42.Final.jar;C:\Users\KIRTI\.m2\repository\io\netty\netty-handler\4.1.42.Final\netty-handler-4.1.42.Final.jar;C:\Users\KIRTI\.m2\repository\io\vertx\vertx-core\3.8.4\vertx-core-3.8.4.jar;C:\Users\KIRTI\.m2\repository\io\netty\netty-common\4.1.42.Final\netty-common-4.1.42.Final.jar;C:\Users\KIRTI\.m2\repository\io\netty\netty-buffer\4.1.42.Final\netty-buffer-4.1.42.Final.jar;C:\Users\KIRTI\.m2\repository\io\netty\netty-transport\4.1.42.Final\netty-transport-4.1.42.Final.jar;C:\Users\KIRTI\.m2\repository\io\netty\netty-handler-proxy\4.1.42.Final\netty-handler-proxy-4.1.42.Final.jar;C:\Users\KIRTI\.m2\repository\io\netty\netty-codec-socks\4.1.42.Final\netty-codec-socks-4.1.42.Final.jar;C:\Users\KIRTI\.m2\repository\io\netty\netty-codec-http\4.1.42.Final\netty-codec-http-4.1.42.Final.jar;C:\Users\KIRTI\.m2\repository\io\netty\netty-codec-http2\4.1.42.Final\netty-codec-http2-4.1.42.Final.jar;C:\Users\KIRTI\.m2\repository\io\netty\netty-resolver\4.1.42.Final\netty-resolver-4.1.42.Final.jar;C:\Users\KIRTI\.m2\repository\io\netty\netty-resolver-dns\4.1.42.Final\netty-resolver-dns-4.1.42.Final.jar;C:\Users\KIRTI\.m2\repository\io\netty\netty-codec-dns\4.1.42.Final\netty-codec-dns-4.1.42.Final.jar;C:\Users\KIRTI\.m2\repository\io\vertx\vertx-web\3.8.4\vertx-web-3.8.4.jar;C:\Users\KIRTI\.m2\repository\io\vertx\vertx-web-common\3.8.4\vertx-web-common-3.8.4.jar;C:\Users\KIRTI\.m2\repository\io\vertx\vertx-auth-common\3.8.4\vertx-auth-common-3.8.4.jar;C:\Users\KIRTI\.m2\repository\io\vertx\vertx-bridge-common\3.8.4\vertx-bridge-common-3.8.4.jar;C:\Users\KIRTI\.m2\repository\io\quarkus\quarkus-resteasy-server-common\1.1.0.CR1\quarkus-resteasy-server-common-1.1.0.CR1.jar;C:\Users\KIRTI\.m2\repository\jakarta\validation\jakarta.validation-api\2.0.2\jakarta.validation-api-2.0.2.jar;C:\Users\KIRTI\.m2\repository\io\quarkus\quarkus-junit5\1.1.0.CR1\quarkus-junit5-1.1.0.CR1.jar;C:\Users\KIRTI\.m2\repository\io\quarkus\quarkus-bootstrap-core\1.1.0.CR1\quarkus-bootstrap-core-1.1.0.CR1.jar;C:\Users\KIRTI\.m2\repository\org\apache\commons\commons-lang3\3.9\commons-lang3-3.9.jar;C:\Users\KIRTI\.m2\repository\org\apache\maven\maven-embedder\3.5.4\maven-embedder-3.5.4.jar;C:\Users\KIRTI\.m2\repository\org\apache\maven\maven-settings\3.5.4\maven-settings-3.5.4.jar;C:\Users\KIRTI\.m2\repository\org\apache\maven\maven-core\3.5.4\maven-core-3.5.4.jar;C:\Users\KIRTI\.m2\repository\org\apache\maven\maven-artifact\3.5.4\maven-artifact-3.5.4.jar;C:\Users\KIRTI\.m2\repository\org\apache\maven\maven-plugin-api\3.5.4\maven-plugin-api-3.5.4.jar;C:\Users\KIRTI\.m2\repository\org\apache\maven\maven-model\3.5.4\maven-model-3.5.4.jar;C:\Users\KIRTI\.m2\repository\org\apache\maven\maven-model-builder\3.5.4\maven-model-builder-3.5.4.jar;C:\Users\KIRTI\.m2\repository\org\apache\maven\maven-builder-support\3.5.4\maven-builder-support-3.5.4.jar;C:\Users\KIRTI\.m2\repository\org\apache\maven\resolver\maven-resolver-api\1.1.1\maven-resolver-api-1.1.1.jar;C:\Users\KIRTI\.m2\repository\org\apache\maven\resolver\maven-resolver-util\1.1.1\maven-resolver-util-1.1.1.jar;C:\Users\KIRTI\.m2\repository\org\apache\maven\shared\maven-shared-utils\3.2.1\maven-shared-utils-3.2.1.jar;C:\Users\KIRTI\.m2\repository\com\google\inject\guice\4.2.0\guice-4.2.0-no_aop.jar;C:\Users\KIRTI\.m2\repository\aopalliance\aopalliance\1.0\aopalliance-1.0.jar;C:\Users\KIRTI\.m2\repository\org\codehaus\plexus\plexus-utils\3.0.24\plexus-utils-3.0.24.jar;C:\Users\KIRTI\.m2\repository\org\codehaus\plexus\plexus-classworlds\2.5.2\plexus-classworlds-2.5.2.jar;C:\Users\KIRTI\.m2\repository\org\eclipse\sisu\org.eclipse.sisu.plexus\0.3.3\org.eclipse.sisu.plexus-0.3.3.jar;C:\Users\KIRTI\.m2\repository\org\codehaus\plexus\plexus-component-annotations\1.7.1\plexus-component-annotations-1.7.1.jar;C:\Users\KIRTI\.m2\repository\commons-cli\commons-cli\1.4\commons-cli-1.4.jar;C:\Users\KIRTI\.m2\repository\org\apache\maven\maven-settings-builder\3.5.4\maven-settings-builder-3.5.4.jar;C:\Users\KIRTI\.m2\repository\org\codehaus\plexus\plexus-interpolation\1.24\plexus-interpolation-1.24.jar;C:\Users\KIRTI\.m2\repository\org\sonatype\plexus\plexus-sec-dispatcher\1.4\plexus-sec-dispatcher-1.4.jar;C:\Users\KIRTI\.m2\repository\org\sonatype\plexus\plexus-cipher\1.4\plexus-cipher-1.4.jar;C:\Users\KIRTI\.m2\repository\org\apache\maven\maven-resolver-provider\3.5.4\maven-resolver-provider-3.5.4.jar;C:\Users\KIRTI\.m2\repository\org\apache\maven\maven-repository-metadata\3.5.4\maven-repository-metadata-3.5.4.jar;C:\Users\KIRTI\.m2\repository\org\apache\maven\resolver\maven-resolver-spi\1.1.1\maven-resolver-spi-1.1.1.jar;C:\Users\KIRTI\.m2\repository\org\apache\maven\resolver\maven-resolver-impl\1.1.1\maven-resolver-impl-1.1.1.jar;C:\Users\KIRTI\.m2\repository\org\apache\maven\resolver\maven-resolver-connector-basic\1.1.1\maven-resolver-connector-basic-1.1.1.jar;C:\Users\KIRTI\.m2\repository\org\apache\maven\resolver\maven-resolver-transport-wagon\1.1.1\maven-resolver-transport-wagon-1.1.1.jar;C:\Users\KIRTI\.m2\repository\org\apache\maven\wagon\wagon-provider-api\3.0.0\wagon-provider-api-3.0.0.jar;C:\Users\KIRTI\.m2\repository\org\apache\maven\wagon\wagon-http\3.0.0\wagon-http-3.0.0.jar;C:\Users\KIRTI\.m2\repository\org\apache\maven\wagon\wagon-http-shared\3.0.0\wagon-http-shared-3.0.0.jar;C:\Users\KIRTI\.m2\repository\org\jsoup\jsoup\1.7.2\jsoup-1.7.2.jar;C:\Users\KIRTI\.m2\repository\org\apache\maven\wagon\wagon-file\3.0.0\wagon-file-3.0.0.jar;C:\Users\KIRTI\.m2\repository\org\jboss\logging\jboss-logging\3.3.2.Final\jboss-logging-3.3.2.Final.jar;C:\Users\KIRTI\.m2\repository\io\quarkus\quarkus-test-common\1.1.0.CR1\quarkus-test-common-1.1.0.CR1.jar;C:\Users\KIRTI\.m2\repository\io\quarkus\quarkus-core-deployment\1.1.0.CR1\quarkus-core-deployment-1.1.0.CR1.jar;C:\Users\KIRTI\.m2\repository\io\quarkus\gizmo\gizmo\1.0.0.Final\gizmo-1.0.0.Final.jar;C:\Users\KIRTI\.m2\repository\org\ow2\asm\asm-util\7.1\asm-util-7.1.jar;C:\Users\KIRTI\.m2\repository\org\ow2\asm\asm-tree\7.1\asm-tree-7.1.jar;C:\Users\KIRTI\.m2\repository\org\ow2\asm\asm-analysis\7.1\asm-analysis-7.1.jar;C:\Users\KIRTI\.m2\repository\org\ow2\asm\asm\7.1\asm-7.1.jar;C:\Users\KIRTI\.m2\repository\io\quarkus\quarkus-builder\1.1.0.CR1\quarkus-builder-1.1.0.CR1.jar;C:\Users\KIRTI\.m2\repository\io\quarkus\quarkus-jsonp-deployment\1.1.0.CR1\quarkus-jsonp-deployment-1.1.0.CR1.jar;C:\Users\KIRTI\.m2\repository\org\jboss\jandex\2.1.2.Final\jandex-2.1.2.Final.jar;C:\Users\KIRTI\.m2\repository\org\junit\jupiter\junit-jupiter\5.5.2\junit-jupiter-5.5.2.jar;C:\Users\KIRTI\.m2\repository\org\junit\jupiter\junit-jupiter-api\5.5.2\junit-jupiter-api-5.5.2.jar;C:\Users\KIRTI\.m2\repository\org\apiguardian\apiguardian-api\1.1.0\apiguardian-api-1.1.0.jar;C:\Users\KIRTI\.m2\repository\org\opentest4j\opentest4j\1.2.0\opentest4j-1.2.0.jar;C:\Users\KIRTI\.m2\repository\org\junit\platform\junit-platform-commons\1.5.2\junit-platform-commons-1.5.2.jar;C:\Users\KIRTI\.m2\repository\org\junit\jupiter\junit-jupiter-params\5.5.2\junit-jupiter-params-5.5.2.jar;C:\Users\KIRTI\.m2\repository\org\junit\jupiter\junit-jupiter-engine\5.5.2\junit-jupiter-engine-5.5.2.jar;C:\Users\KIRTI\.m2\repository\org\junit\platform\junit-platform-engine\1.5.2\junit-platform-engine-1.5.2.jar;C:\Users\KIRTI\.m2\repository\io\quarkus\quarkus-core\1.1.0.CR1\quarkus-core-1.1.0.CR1.jar;C:\Users\KIRTI\.m2\repository\io\smallrye\config\smallrye-config\1.5.0\smallrye-config-1.5.0.jar;C:\Users\KIRTI\.m2\repository\io\smallrye\config\smallrye-config-common\1.5.0\smallrye-config-common-1.5.0.jar;C:\Users\KIRTI\.m2\repository\org\jboss\logmanager\jboss-logmanager-embedded\1.0.4\jboss-logmanager-embedded-1.0.4.jar;C:\Users\KIRTI\.m2\repository\org\jboss\logging\jboss-logging-annotations\2.1.0.Final\jboss-logging-annotations-2.1.0.Final.jar;C:\Users\KIRTI\.m2\repository\org\jboss\threads\jboss-threads\3.0.0.Final\jboss-threads-3.0.0.Final.jar;C:\Users\KIRTI\.m2\repository\org\slf4j\slf4j-api\1.7.29\slf4j-api-1.7.29.jar;C:\Users\KIRTI\.m2\repository\org\jboss\slf4j\slf4j-jboss-logging\1.2.0.Final\slf4j-jboss-logging-1.2.0.Final.jar;C:\Users\KIRTI\.m2\repository\org\graalvm\sdk\graal-sdk\19.3.0\graal-sdk-19.3.0.jar;C:\Users\KIRTI\.m2\repository\org\wildfly\common\wildfly-common\1.5.0.Final-format-001\wildfly-common-1.5.0.Final-format-001.jar;C:\Users\KIRTI\.m2\repository\io\rest-assured\rest-assured\4.1.2\rest-assured-4.1.2.jar;C:\Users\KIRTI\.m2\repository\org\codehaus\groovy\groovy\2.5.8\groovy-2.5.8.jar;C:\Users\KIRTI\.m2\repository\org\codehaus\groovy\groovy-xml\2.5.8\groovy-xml-2.5.8.jar;C:\Users\KIRTI\.m2\repository\org\apache\httpcomponents\httpclient\4.5.10\httpclient-4.5.10.jar;C:\Users\KIRTI\.m2\repository\org\apache\httpcomponents\httpcore\4.4.12\httpcore-4.4.12.jar;C:\Users\KIRTI\.m2\repository\commons-codec\commons-codec\1.13\commons-codec-1.13.jar;C:\Users\KIRTI\.m2\repository\org\apache\httpcomponents\httpmime\4.5.3\httpmime-4.5.3.jar;C:\Users\KIRTI\.m2\repository\org\hamcrest\hamcrest\2.1\hamcrest-2.1.jar;C:\Users\KIRTI\.m2\repository\org\ccil\cowan\tagsoup\tagsoup\1.2.1\tagsoup-1.2.1.jar;C:\Users\KIRTI\.m2\repository\io\rest-assured\json-path\4.1.2\json-path-4.1.2.jar;C:\Users\KIRTI\.m2\repository\org\codehaus\groovy\groovy-json\2.5.8\groovy-json-2.5.8.jar;C:\Users\KIRTI\.m2\repository\io\rest-assured\rest-assured-common\4.1.2\rest-assured-common-4.1.2.jar;C:\Users\KIRTI\.m2\repository\io\rest-assured\xml-path\4.1.2\xml-path-4.1.2.jar;C:\Users\KIRTI\.m2\repository\javax\xml\bind\jaxb-api\2.3.1\jaxb-api-2.3.1.jar;C:\Users\KIRTI\.m2\repository\org\apache\sling\org.apache.sling.javax.activation\0.1.0\org.apache.sling.javax.activation-0.1.0.jar;C:\Users\KIRTI\.m2\repository\io\quarkus\quarkus-resteasy-jsonb\1.1.0.CR1\quarkus-resteasy-jsonb-1.1.0.CR1.jar;C:\Users\KIRTI\.m2\repository\io\quarkus\quarkus-jsonb\1.1.0.CR1\quarkus-jsonb-1.1.0.CR1.jar;C:\Users\KIRTI\.m2\repository\org\eclipse\yasson\1.0.5\yasson-1.0.5.jar;C:\Users\KIRTI\.m2\repository\org\jboss\resteasy\resteasy-json-binding-provider\4.4.1.Final\resteasy-json-binding-provider-4.4.1.Final.jar;C:\Users\KIRTI\.m2\repository\org\glassfish\jakarta.json\1.1.6\jakarta.json-1.1.6.jar;C:\Users\KIRTI\.m2\repository\jakarta\json\bind\jakarta.json.bind-api\1.0.2\jakarta.json.bind-api-1.0.2.jar;C:\Users\KIRTI\.m2\repository\org\jboss\resteasy\resteasy-json-p-provider\4.4.1.Final\resteasy-json-p-provider-4.4.1.Final.jar;C:\Users\KIRTI\.m2\repository\commons-io\commons-io\2.6\commons-io-2.6.jar;C:\Users\KIRTI\.m2\repository\io\quarkus\quarkus-rest-client\1.1.0.CR1\quarkus-rest-client-1.1.0.CR1.jar;C:\Users\KIRTI\.m2\repository\io\quarkus\quarkus-arc\1.1.0.CR1\quarkus-arc-1.1.0.CR1.jar;C:\Users\KIRTI\.m2\repository\io\quarkus\arc\arc\1.1.0.CR1\arc-1.1.0.CR1.jar;C:\Users\KIRTI\.m2\repository\org\eclipse\microprofile\context-propagation\microprofile-context-propagation-api\1.0.1\microprofile-context-propagation-api-1.0.1.jar;C:\Users\KIRTI\.m2\repository\io\quarkus\quarkus-resteasy-common\1.1.0.CR1\quarkus-resteasy-common-1.1.0.CR1.jar;C:\Users\KIRTI\.m2\repository\org\jboss\resteasy\resteasy-core\4.4.1.Final\resteasy-core-4.4.1.Final.jar;C:\Users\KIRTI\.m2\repository\org\jboss\spec\javax\ws\rs\jboss-jaxrs-api_2.1_spec\2.0.1.Final\jboss-jaxrs-api_2.1_spec-2.0.1.Final.jar;C:\Users\KIRTI\.m2\repository\org\jboss\spec\javax\xml\bind\jboss-jaxb-api_2.3_spec\2.0.0.Final\jboss-jaxb-api_2.3_spec-2.0.0.Final.jar;C:\Users\KIRTI\.m2\repository\org\jboss\resteasy\resteasy-core-spi\4.4.1.Final\resteasy-core-spi-4.4.1.Final.jar;C:\Users\KIRTI\.m2\repository\com\sun\activation\jakarta.activation\1.2.1\jakarta.activation-1.2.1.jar;C:\Users\KIRTI\.m2\repository\org\jboss\resteasy\resteasy-client-microprofile\4.4.1.Final\resteasy-client-microprofile-4.4.1.Final.jar;C:\Users\KIRTI\.m2\repository\org\jboss\resteasy\resteasy-client\4.4.1.Final\resteasy-client-4.4.1.Final.jar;C:\Users\KIRTI\.m2\repository\org\jboss\resteasy\resteasy-client-api\4.4.1.Final\resteasy-client-api-4.4.1.Final.jar;C:\Users\KIRTI\.m2\repository\org\jboss\resteasy\resteasy-cdi\4.4.1.Final\resteasy-cdi-4.4.1.Final.jar;C:\Users\KIRTI\.m2\repository\org\jboss\weld\weld-api\3.0.SP4\weld-api-3.0.SP4.jar;C:\Users\KIRTI\.m2\repository\org\eclipse\microprofile\rest\client\microprofile-rest-client-api\1.3.4\microprofile-rest-client-api-1.3.4.jar;C:\Users\KIRTI\.m2\repository\jakarta\interceptor\jakarta.interceptor-api\1.2.5\jakarta.interceptor-api-1.2.5.jar;C:\Users\KIRTI\.m2\repository\org\apache\httpcomponents\httpasyncclient\4.1.4\httpasyncclient-4.1.4.jar;C:\Users\KIRTI\.m2\repository\org\apache\httpcomponents\httpcore-nio\4.4.10\httpcore-nio-4.4.10.jar;C:\Users\KIRTI\.m2\repository\org\jboss\logging\commons-logging-jboss-logging\1.0.0.Final\commons-logging-jboss-logging-1.0.0.Final.jar;C:\Users\KIRTI\.m2\repository\io\quarkus\quarkus-smallrye-fault-tolerance\1.1.0.CR1\quarkus-smallrye-fault-tolerance-1.1.0.CR1.jar;C:\Users\KIRTI\.m2\repository\io\smallrye\smallrye-fault-tolerance\2.1.2\smallrye-fault-tolerance-2.1.2.jar;C:\Users\KIRTI\.m2\repository\org\eclipse\microprofile\fault-tolerance\microprofile-fault-tolerance-api\2.0.2\microprofile-fault-tolerance-api-2.0.2.jar;C:\Users\KIRTI\.m2\repository\com\netflix\hystrix\hystrix-core\1.5.12\hystrix-core-1.5.12.jar;C:\Users\KIRTI\.m2\repository\com\netflix\archaius\archaius-core\0.4.1\archaius-core-0.4.1.jar;C:\Users\KIRTI\.m2\repository\commons-configuration\commons-configuration\1.8\commons-configuration-1.8.jar;C:\Users\KIRTI\.m2\repository\commons-lang\commons-lang\2.6\commons-lang-2.6.jar;C:\Users\KIRTI\.m2\repository\org\hdrhistogram\HdrHistogram\2.1.9\HdrHistogram-2.1.9.jar;C:\Users\KIRTI\.m2\repository\javax\enterprise\concurrent\javax.enterprise.concurrent-api\1.0\javax.enterprise.concurrent-api-1.0.jar;C:\Users\KIRTI\.m2\repository\org\eclipse\microprofile\config\microprofile-config-api\1.3\microprofile-config-api-1.3.jar;C:\Users\KIRTI\.m2\repository\org\eclipse\microprofile\metrics\microprofile-metrics-api\2.2\microprofile-metrics-api-2.2.jar;C:\Users\KIRTI\.m2\repository\org\osgi\org.osgi.annotation.versioning\1.0.0\org.osgi.annotation.versioning-1.0.0.jar;C:\Users\KIRTI\.m2\repository\jakarta\enterprise\jakarta.enterprise.cdi-api\2.0.2\jakarta.enterprise.cdi-api-2.0.2.jar;C:\Users\KIRTI\.m2\repository\jakarta\el\jakarta.el-api\3.0.3\jakarta.el-api-3.0.3.jar;C:\Users\KIRTI\.m2\repository\jakarta\annotation\jakarta.annotation-api\1.3.5\jakarta.annotation-api-1.3.5.jar;C:\Users\KIRTI\.m2\repository\io\quarkus\quarkus-smallrye-context-propagation\1.1.0.CR1\quarkus-smallrye-context-propagation-1.1.0.CR1.jar;C:\Users\KIRTI\.m2\repository\io\smallrye\smallrye-context-propagation\1.0.11\smallrye-context-propagation-1.0.11.jar;C:\Users\KIRTI\.m2\repository\io\smallrye\smallrye-context-propagation-api\1.0.11\smallrye-context-propagation-api-1.0.11.jar;C:\Users\KIRTI\.m2\repository\org\jboss\resteasy\resteasy-context-propagation\4.4.1.Final\resteasy-context-propagation-4.4.1.Final.jar;C:\Users\KIRTI\.m2\repository\io\smallrye\smallrye-context-propagation-propagators-rxjava1\1.0.11\smallrye-context-propagation-propagators-rxjava1-1.0.11.jar;C:\Users\KIRTI\.m2\repository\io\reactivex\rxjava\1.3.8\rxjava-1.3.8.jar;C:\Users\KIRTI\.m2\repository\io\quarkus\quarkus-smallrye-health\1.1.0.CR1\quarkus-smallrye-health-1.1.0.CR1.jar;C:\Users\KIRTI\.m2\repository\io\smallrye\smallrye-health\2.1.0\smallrye-health-2.1.0.jar;C:\Users\KIRTI\.m2\repository\org\eclipse\microprofile\health\microprofile-health-api\2.1\microprofile-health-api-2.1.jar;C:\Users\KIRTI\.m2\repository\jakarta\inject\jakarta.inject-api\1.0\jakarta.inject-api-1.0.jar;C:\Users\KIRTI\.m2\repository\io\quarkus\quarkus-jsonp\1.1.0.CR1\quarkus-jsonp-1.1.0.CR1.jar;C:\Users\KIRTI\.m2\repository\io\quarkus\quarkus-smallrye-jwt\1.1.0.CR1\quarkus-smallrye-jwt-1.1.0.CR1.jar;C:\Users\KIRTI\.m2\repository\io\smallrye\smallrye-jwt\2.0.10\smallrye-jwt-2.0.10.jar;C:\Users\KIRTI\.m2\repository\org\eclipse\microprofile\jwt\microprofile-jwt-auth-api\1.1.1\microprofile-jwt-auth-api-1.1.1.jar;C:\Users\KIRTI\.m2\repository\org\bitbucket\b_c\jose4j\0.7.0\jose4j-0.7.0.jar;C:\Users\KIRTI\.m2\repository\io\quarkus\quarkus-vertx-web\1.1.0.CR1\quarkus-vertx-web-1.1.0.CR1.jar;C:\Users\KIRTI\.m2\repository\io\quarkus\quarkus-vertx\1.1.0.CR1\quarkus-vertx-1.1.0.CR1.jar;C:\Users\KIRTI\.m2\repository\io\quarkus\quarkus-jackson\1.1.0.CR1\quarkus-jackson-1.1.0.CR1.jar;C:\Users\KIRTI\.m2\repository\com\fasterxml\jackson\datatype\jackson-datatype-jsr310\2.9.10\jackson-datatype-jsr310-2.9.10.jar;C:\Users\KIRTI\.m2\repository\com\fasterxml\jackson\datatype\jackson-datatype-jdk8\2.9.10\jackson-datatype-jdk8-2.9.10.jar;C:\Users\KIRTI\.m2\repository\com\fasterxml\jackson\module\jackson-module-parameter-names\2.9.10\jackson-module-parameter-names-2.9.10.jar;C:\Users\KIRTI\.m2\repository\io\smallrye\reactive\smallrye-axle-generator\0.0.10\smallrye-axle-generator-0.0.10.jar;C:\Users\KIRTI\.m2\repository\io\vertx\vertx-codegen\3.8.4\vertx-codegen-3.8.4.jar;C:\Users\KIRTI\.m2\repository\org\mvel\mvel2\2.4.4.Final\mvel2-2.4.4.Final.jar;C:\Users\KIRTI\.m2\repository\io\smallrye\reactive\smallrye-axle-core\0.0.10\smallrye-axle-core-0.0.10.jar;C:\Users\KIRTI\.m2\repository\io\vertx\vertx-rx-java2\3.8.4\vertx-rx-java2-3.8.4.jar;C:\Users\KIRTI\.m2\repository\io\vertx\vertx-rx-gen\3.8.4\vertx-rx-gen-3.8.4.jar;C:\Users\KIRTI\.m2\repository\io\quarkus\quarkus-security\1.1.0.CR1\quarkus-security-1.1.0.CR1.jar;C:\Users\KIRTI\.m2\repository\jakarta\servlet\jakarta.servlet-api\4.0.3\jakarta.servlet-api-4.0.3.jar;C:\Users\KIRTI\.m2\repository\io\quarkus\quarkus-smallrye-openapi\1.1.0.CR1\quarkus-smallrye-openapi-1.1.0.CR1.jar;C:\Users\KIRTI\.m2\repository\io\smallrye\smallrye-open-api\1.1.20\smallrye-open-api-1.1.20.jar;C:\Users\KIRTI\.m2\repository\org\eclipse\microprofile\openapi\microprofile-openapi-api\1.1.2\microprofile-openapi-api-1.1.2.jar;C:\Users\KIRTI\.m2\repository\com\fasterxml\jackson\core\jackson-core\2.9.10\jackson-core-2.9.10.jar;C:\Users\KIRTI\.m2\repository\com\fasterxml\jackson\core\jackson-databind\2.9.10.1\jackson-databind-2.9.10.1.jar;C:\Users\KIRTI\.m2\repository\com\fasterxml\jackson\core\jackson-annotations\2.9.10\jackson-annotations-2.9.10.jar;C:\Users\KIRTI\.m2\repository\com\fasterxml\jackson\dataformat\jackson-dataformat-yaml\2.9.10\jackson-dataformat-yaml-2.9.10.jar;C:\Users\KIRTI\.m2\repository\org\yaml\snakeyaml\1.23\snakeyaml-1.23.jar;C:\Users\KIRTI\.m2\repository\org\jboss\shrinkwrap\shrinkwrap-api\1.2.6\shrinkwrap-api-1.2.6.jar;C:\Users\KIRTI\.m2\repository\io\quarkus\quarkus-swagger-ui\1.1.0.CR1\quarkus-swagger-ui-1.1.0.CR1.jar;C:\Users\KIRTI\.m2\repository\io\quarkus\quarkus-hibernate-orm-panache\1.1.0.CR1\quarkus-hibernate-orm-panache-1.1.0.CR1.jar;C:\Users\KIRTI\.m2\repository\io\quarkus\quarkus-hibernate-orm\1.1.0.CR1\quarkus-hibernate-orm-1.1.0.CR1.jar;C:\Users\KIRTI\.m2\repository\io\quarkus\quarkus-agroal\1.1.0.CR1\quarkus-agroal-1.1.0.CR1.jar;C:\Users\KIRTI\.m2\repository\org\jboss\narayana\jta\narayana-jta\5.10.0.Final\narayana-jta-5.10.0.Final.jar;C:\Users\KIRTI\.m2\repository\org\jboss\jboss-transaction-spi\7.6.0.Final\jboss-transaction-spi-7.6.0.Final.jar;C:\Users\KIRTI\.m2\repository\org\jboss\spec\javax\resource\jboss-connector-api_1.7_spec\1.0.0.Final\jboss-connector-api_1.7_spec-1.0.0.Final.jar;C:\Users\KIRTI\.m2\repository\org\jboss\narayana\jts\narayana-jts-integration\5.10.0.Final\narayana-jts-integration-5.10.0.Final.jar;C:\Users\KIRTI\.m2\repository\io\agroal\agroal-api\1.7\agroal-api-1.7.jar;C:\Users\KIRTI\.m2\repository\io\agroal\agroal-narayana\1.7\agroal-narayana-1.7.jar;C:\Users\KIRTI\.m2\repository\io\agroal\agroal-pool\1.7\agroal-pool-1.7.jar;C:\Users\KIRTI\.m2\repository\io\quarkus\quarkus-vault-spi\1.1.0.CR1\quarkus-vault-spi-1.1.0.CR1.jar;C:\Users\KIRTI\.m2\repository\io\quarkus\quarkus-narayana-jta\1.1.0.CR1\quarkus-narayana-jta-1.1.0.CR1.jar;C:\Users\KIRTI\.m2\repository\io\smallrye\smallrye-context-propagation-jta\1.0.11\smallrye-context-propagation-jta-1.0.11.jar;C:\Users\KIRTI\.m2\repository\io\smallrye\reactive\smallrye-reactive-converter-api\1.0.10\smallrye-reactive-converter-api-1.0.10.jar;C:\Users\KIRTI\.m2\repository\org\hibernate\hibernate-core\5.4.10.Final\hibernate-core-5.4.10.Final.jar;C:\Users\KIRTI\.m2\repository\net\bytebuddy\byte-buddy\1.10.2\byte-buddy-1.10.2.jar;C:\Users\KIRTI\.m2\repository\antlr\antlr\2.7.7\antlr-2.7.7.jar;C:\Users\KIRTI\.m2\repository\com\fasterxml\classmate\1.3.4\classmate-1.3.4.jar;C:\Users\KIRTI\.m2\repository\org\dom4j\dom4j\2.1.1\dom4j-2.1.1.jar;C:\Users\KIRTI\.m2\repository\org\hibernate\common\hibernate-commons-annotations\5.1.0.Final\hibernate-commons-annotations-5.1.0.Final.jar;C:\Users\KIRTI\.m2\repository\jakarta\persistence\jakarta.persistence-api\2.2.3\jakarta.persistence-api-2.2.3.jar;C:\Users\KIRTI\.m2\repository\jakarta\transaction\jakarta.transaction-api\1.3.3\jakarta.transaction-api-1.3.3.jar;C:\Users\KIRTI\.m2\repository\org\hibernate\quarkus-local-cache\0.1.0\quarkus-local-cache-0.1.0.jar;C:\Users\KIRTI\.m2\repository\com\github\ben-manes\caffeine\caffeine\2.6.2\caffeine-2.6.2.jar;C:\Users\KIRTI\.m2\repository\io\quarkus\quarkus-caffeine\1.1.0.CR1\quarkus-caffeine-1.1.0.CR1.jar;C:\Users\KIRTI\.m2\repository\io\quarkus\quarkus-panache-common\1.1.0.CR1\quarkus-panache-common-1.1.0.CR1.jar;C:\Users\KIRTI\.m2\repository\io\quarkus\quarkus-jdbc-h2\1.1.0.CR1\quarkus-jdbc-h2-1.1.0.CR1.jar;C:\Users\KIRTI\.m2\repository\com\h2database\h2\1.4.197\h2-1.4.197.jar;C:\Users\KIRTI\.m2\repository\org\locationtech\jts\jts-core\1.15.0\jts-core-1.15.0.jar;C:\Users\KIRTI\.m2\repository\com\google\guava\guava\27.1-jre\guava-27.1-jre.jar;C:\Users\KIRTI\.m2\repository\com\google\guava\failureaccess\1.0.1\failureaccess-1.0.1.jar;C:\Users\KIRTI\.m2\repository\com\google\guava\listenablefuture\9999.0-empty-to-avoid-conflict-with-guava\listenablefuture-9999.0-empty-to-avoid-conflict-with-guava.jar;C:\Users\KIRTI\.m2\repository\com\google\code\findbugs\jsr305\3.0.2\jsr305-3.0.2.jar;C:\Users\KIRTI\.m2\repository\org\checkerframework\checker-qual\2.5.2\checker-qual-2.5.2.jar;C:\Users\KIRTI\.m2\repository\com\google\errorprone\error_prone_annotations\2.2.0\error_prone_annotations-2.2.0.jar;C:\Users\KIRTI\.m2\repository\com\google\j2objc\j2objc-annotations\1.1\j2objc-annotations-1.1.jar;C:\Users\KIRTI\.m2\repository\org\codehaus\mojo\animal-sniffer-annotations\1.17\animal-sniffer-annotations-1.17.jar;C:\Users\KIRTI\.m2\repository\org\assertj\assertj-core\3.13.2\assertj-core-3.13.2.jar;C:\Users\KIRTI\.m2\repository\io\quarkus\quarkus-smallrye-reactive-streams-operators\1.1.0.CR1\quarkus-smallrye-reactive-streams-operators-1.1.0.CR1.jar;C:\Users\KIRTI\.m2\repository\org\eclipse\microprofile\reactive-streams-operators\microprofile-reactive-streams-operators-api\1.0\microprofile-reactive-streams-operators-api-1.0.jar;C:\Users\KIRTI\.m2\repository\org\reactivestreams\reactive-streams\1.0.3\reactive-streams-1.0.3.jar;C:\Users\KIRTI\.m2\repository\org\eclipse\microprofile\reactive-streams-operators\microprofile-reactive-streams-operators-core\1.0\microprofile-reactive-streams-operators-core-1.0.jar;C:\Users\KIRTI\.m2\repository\io\smallrye\reactive\smallrye-reactive-streams-operators\1.0.10\smallrye-reactive-streams-operators-1.0.10.jar;C:\Users\KIRTI\.m2\repository\io\reactivex\rxjava2\rxjava\2.2.15\rxjava-2.2.15.jar;C:\Users\KIRTI\.m2\repository\io\smallrye\smallrye-context-propagation-propagators-rxjava2\1.0.11\smallrye-context-propagation-propagators-rxjava2-1.0.11.jar;"/>
    <property name="sun.cpu.endian" value="little"/>
    <property name="user.home" value="C:\Users\KIRTI"/>
    <property name="user.language" value="en"/>
    <property name="java.specification.vendor" value="Oracle Corporation"/>
    <property name="java.home" value="C:\Program Files\Java\jdk1.8.0_191\jre"/>
    <property name="basedir" value="C:\Users\KIRTI\OneDrive\Desktop\poc\test-pipeline"/>
    <property name="file.separator" value="\"/>
    <property name="line.separator" value="&#10;"/>
    <property name="java.vm.specification.vendor" value="Oracle Corporation"/>
    <property name="java.specification.name" value="Java Platform API Specification"/>
    <property name="java.awt.graphicsenv" value="sun.awt.Win32GraphicsEnvironment"/>
    <property name="surefire.real.class.path" value="C:\Users\KIRTI\AppData\Local\Temp\surefire3588274374579676210\surefirebooter614013793315212807.jar"/>
    <property name="sun.boot.class.path" value="C:\Program Files\Java\jdk1.8.0_191\jre\lib\resources.jar;C:\Program Files\Java\jdk1.8.0_191\jre\lib\rt.jar;C:\Program Files\Java\jdk1.8.0_191\jre\lib\sunrsasign.jar;C:\Program Files\Java\jdk1.8.0_191\jre\lib\jsse.jar;C:\Program Files\Java\jdk1.8.0_191\jre\lib\jce.jar;C:\Program Files\Java\jdk1.8.0_191\jre\lib\charsets.jar;C:\Program Files\Java\jdk1.8.0_191\jre\lib\jfr.jar;C:\Program Files\Java\jdk1.8.0_191\jre\classes"/>
    <property name="user.script" value=""/>
    <property name="sun.management.compiler" value="HotSpot 64-Bit Tiered Compilers"/>
    <property name="java.runtime.version" value="1.8.0_191-b12"/>
    <property name="user.name" value="KIRTI"/>
    <property name="path.separator" value=";"/>
    <property name="os.version" value="10.0"/>
    <property name="java.endorsed.dirs" value="C:\Program Files\Java\jdk1.8.0_191\jre\lib\endorsed"/>
    <property name="java.runtime.name" value="Java(TM) SE Runtime Environment"/>
    <property name="file.encoding" value="Cp1252"/>
    <property name="java.vm.name" value="Java HotSpot(TM) 64-Bit Server VM"/>
    <property name="localRepository" value="C:\Users\KIRTI\.m2\repository"/>
    <property name="java.vendor.url.bug" value="http://bugreport.sun.com/bugreport/"/>
    <property name="java.io.tmpdir" value="C:\Users\KIRTI\AppData\Local\Temp\"/>
    <property name="java.version" value="1.8.0_191"/>
    <property name="user.dir" value="C:\Users\KIRTI\OneDrive\Desktop\poc\test-pipeline"/>
    <property name="os.arch" value="amd64"/>
    <property name="java.vm.specification.name" value="Java Virtual Machine Specification"/>
    <property name="java.awt.printerjob" value="sun.awt.windows.WPrinterJob"/>
    <property name="sun.os.patch.level" value=""/>
    <property name="java.util.logging.manager" value="org.jboss.logmanager.LogManager"/>
    <property name="java.library.path" value="C:\Program Files\Java\jdk1.8.0_191\jre\bin;C:\WINDOWS\Sun\Java\bin;C:\WINDOWS\system32;C:\WINDOWS;C:\Program Files (x86)\Microsoft SDKs\Azure\CLI2\wbin;C:\Python38\Scripts\;C:\Python38\;C:\Program Files (x86)\Common Files\Oracle\Java\javapath;C:\Program Files (x86)\Intel\Intel(R) Management Engine Components\iCLS\;C:\Program Files\Intel\Intel(R) Management Engine Components\iCLS\;C:\WINDOWS\system32;C:\WINDOWS;C:\WINDOWS\System32\Wbem;C:\WINDOWS\System32\WindowsPowerShell\v1.0\;C:\Program Files (x86)\Intel\Intel(R) Management Engine Components\DAL;C:\Program Files\Intel\Intel(R) Management Engine Components\DAL;C:\Program Files (x86)\Intel\Intel(R) Management Engine Components\IPT;C:\Program Files\Intel\Intel(R) Management Engine Components\IPT;C:\WINDOWS\System32\OpenSSH\;C:\Program Files\Microsoft VS Code\bin;C:\ProgramData\chocolatey\bin;C:\Program Files\Git\cmd;C:\ProgramData\chocolatey\lib\mpv.install\tools;C:\apache-maven-3.6.3\bin;C:\Users\KIRTI\AppData\Local\Microsoft\WindowsApps;C:\apache-maven-3.6.3\bin;C:\kubectl;;."/>
    <property name="java.vm.info" value="mixed mode"/>
    <property name="java.vendor" value="Oracle Corporation"/>
    <property name="java.vm.version" value="25.191-b12"/>
    <property name="java.ext.dirs" value="C:\Program Files\Java\jdk1.8.0_191\jre\lib\ext;C:\WINDOWS\Sun\Java\lib\ext"/>
    <property name="sun.io.unicode.encoding" value="UnicodeLittle"/>
    <property name="java.class.version" value="52.0"/>
  </properties>
  <testcase name="testHelloEndpoint" classname="com.systelab.patient.controller.PatientControllerTest" time="4.191">
    <failure message="1 expectation failed.&#10;Expected status code &lt;200&gt; but was &lt;500&gt;.&#10;" type="java.lang.AssertionError"><![CDATA[java.lang.AssertionError: 
1 expectation failed.
Expected status code <200> but was <500>.

	at com.systelab.patient.controller.PatientControllerTest.testHelloEndpoint(PatientControllerTest.java:17)
]]></failure>
    <system-out><![CDATA[2021-01-09 21:29:58,061 WARN  [io.qua.dep.ste.ReflectiveHierarchyStep] (build-11) Unable to properly register the hierarchy of the following classes for reflection as they are not in the Jandex index:
	- com.google.common.collect.ForwardingList
Consider adding them to the index either by creating a Jandex index for your dependency via the Maven plugin, an empty META-INF/beans.xml or quarkus.index-dependency properties.");.
2021-01-09 21:30:03,515 INFO  [ListenerBean] (main) The application is starting...
2021-01-09 21:30:03,515 INFO  [io.quarkus] (main) Quarkus 1.1.0.CR1 started in 3.799s. Listening on: http://0.0.0.0:8081
2021-01-09 21:30:03,515 INFO  [io.quarkus] (main) Profile test activated. 
2021-01-09 21:30:03,515 INFO  [io.quarkus] (main) Installed features: [agroal, cdi, hibernate-orm, hibernate-orm-panache, jdbc-h2, narayana-jta, rest-client, resteasy, resteasy-jsonb, security, smallrye-context-propagation, smallrye-fault-tolerance, smallrye-health, smallrye-jwt, smallrye-openapi, smallrye-reactive-streams-operators, swagger-ui, vertx, vertx-web]
Hibernate: 
    select
        patient0_.id as id1_0_,
        patient0_.name as name2_0_,
        patient0_.surname as surname3_0_ 
    from
        Patient patient0_
2021-01-09 21:30:04,965 INFO  [io.agr.pool] (vert.x-worker-thread-0) Datasource '<default>': Initial size smaller than min. Connections will be created when necessary
2021-01-09 21:30:07,020 WARN  [io.agr.pool] (Agroal_1793547351) Datasource '<default>': Connection is broken: "java.net.SocketTimeoutException: connect timed out: localhost" [90067-197]
2021-01-09 21:30:07,020 WARN  [org.hib.eng.jdb.spi.SqlExceptionHelper] (vert.x-worker-thread-0) SQL Error: 90067, SQLState: 90067
2021-01-09 21:30:07,020 ERROR [org.hib.eng.jdb.spi.SqlExceptionHelper] (vert.x-worker-thread-0) Connection is broken: "java.net.SocketTimeoutException: connect timed out: localhost" [90067-197]
2021-01-09 21:30:07,036 ERROR [io.qua.ver.htt.run.QuarkusErrorHandler] (vert.x-worker-thread-0) HTTP Request to /patients failed, error id: 2fcd5c4b-504e-4732-bebe-10054932612d-1: org.jboss.resteasy.spi.UnhandledException: javax.persistence.PersistenceException: org.hibernate.exception.GenericJDBCException: Unable to acquire JDBC Connection
	at org.jboss.resteasy.core.ExceptionHandler.handleApplicationException(ExceptionHandler.java:106)
	at org.jboss.resteasy.core.ExceptionHandler.handleException(ExceptionHandler.java:372)
	at org.jboss.resteasy.core.SynchronousDispatcher.writeException(SynchronousDispatcher.java:209)
	at org.jboss.resteasy.core.SynchronousDispatcher.invoke(SynchronousDispatcher.java:496)
	at org.jboss.resteasy.core.SynchronousDispatcher.lambda$invoke$4(SynchronousDispatcher.java:252)
	at org.jboss.resteasy.core.SynchronousDispatcher.lambda$preprocess$0(SynchronousDispatcher.java:153)
	at org.jboss.resteasy.core.interception.jaxrs.PreMatchContainerRequestContext.filter(PreMatchContainerRequestContext.java:363)
	at org.jboss.resteasy.core.SynchronousDispatcher.preprocess(SynchronousDispatcher.java:156)
	at org.jboss.resteasy.core.SynchronousDispatcher.invoke(SynchronousDispatcher.java:238)
	at io.quarkus.resteasy.runtime.standalone.RequestDispatcher.service(RequestDispatcher.java:73)
	at io.quarkus.resteasy.runtime.standalone.VertxRequestHandler.dispatch(VertxRequestHandler.java:114)
	at io.quarkus.resteasy.runtime.standalone.VertxRequestHandler.lambda$handle$0(VertxRequestHandler.java:79)
	at io.vertx.core.impl.ContextImpl.lambda$executeBlocking$2(ContextImpl.java:316)
	at java.util.concurrent.ThreadPoolExecutor.runWorker(ThreadPoolExecutor.java:1149)
	at java.util.concurrent.ThreadPoolExecutor$Worker.run(ThreadPoolExecutor.java:624)
	at io.netty.util.concurrent.FastThreadLocalRunnable.run(FastThreadLocalRunnable.java:30)
	at java.lang.Thread.run(Thread.java:748)
Caused by: javax.persistence.PersistenceException: org.hibernate.exception.GenericJDBCException: Unable to acquire JDBC Connection
	at org.hibernate.internal.ExceptionConverterImpl.convert(ExceptionConverterImpl.java:154)
	at org.hibernate.query.internal.AbstractProducedQuery.list(AbstractProducedQuery.java:1535)
	at org.hibernate.query.Query.getResultList(Query.java:165)
	at com.systelab.patient.service.PatientService.toList(PatientService.java:23)
	at com.systelab.patient.service.PatientService_ClientProxy.toList(PatientService_ClientProxy.zig:205)
	at com.systelab.patient.controller.PatientController.list(PatientController.java:31)
	at com.systelab.patient.controller.PatientController_Subclass.list$$superaccessor2(PatientController_Subclass.zig:422)
	at com.systelab.patient.controller.PatientController_Subclass$$function$$2.apply(PatientController_Subclass$$function$$2.zig:47)
	at io.quarkus.arc.impl.AroundInvokeInvocationContext.proceed(AroundInvokeInvocationContext.java:54)
	at io.quarkus.security.runtime.interceptor.SecurityHandler.handle(SecurityHandler.java:24)
	at io.quarkus.security.runtime.interceptor.PermitAllInterceptor.intercept(PermitAllInterceptor.java:23)
	at io.quarkus.security.runtime.interceptor.PermitAllInterceptor_Bean.intercept(PermitAllInterceptor_Bean.zig:252)
	at io.quarkus.arc.impl.InterceptorInvocation.invoke(InterceptorInvocation.java:41)
	at io.quarkus.arc.impl.AroundInvokeInvocationContext.perform(AroundInvokeInvocationContext.java:41)
	at io.quarkus.arc.impl.InvocationContexts.performAroundInvoke(InvocationContexts.java:32)
	at com.systelab.patient.controller.PatientController_Subclass.list(PatientController_Subclass.zig:380)
	at com.systelab.patient.controller.PatientController_ClientProxy.list(PatientController_ClientProxy.zig:234)
	at sun.reflect.NativeMethodAccessorImpl.invoke0(Native Method)
	at sun.reflect.NativeMethodAccessorImpl.invoke(NativeMethodAccessorImpl.java:62)
	at sun.reflect.DelegatingMethodAccessorImpl.invoke(DelegatingMethodAccessorImpl.java:43)
	at java.lang.reflect.Method.invoke(Method.java:498)
	at org.jboss.resteasy.core.MethodInjectorImpl.invoke(MethodInjectorImpl.java:151)
	at org.jboss.resteasy.core.MethodInjectorImpl.lambda$invoke$3(MethodInjectorImpl.java:122)
	at java.util.concurrent.CompletableFuture.uniApply(CompletableFuture.java:602)
	at java.util.concurrent.CompletableFuture.uniApplyStage(CompletableFuture.java:614)
	at java.util.concurrent.CompletableFuture.thenApply(CompletableFuture.java:1983)
	at java.util.concurrent.CompletableFuture.thenApply(CompletableFuture.java:110)
	at org.jboss.resteasy.core.MethodInjectorImpl.invoke(MethodInjectorImpl.java:122)
	at org.jboss.resteasy.core.ResourceMethodInvoker.internalInvokeOnTarget(ResourceMethodInvoker.java:594)
	at org.jboss.resteasy.core.ResourceMethodInvoker.invokeOnTargetAfterFilter(ResourceMethodInvoker.java:468)
	at org.jboss.resteasy.core.ResourceMethodInvoker.lambda$invokeOnTarget$2(ResourceMethodInvoker.java:421)
	at org.jboss.resteasy.core.interception.jaxrs.PreMatchContainerRequestContext.filter(PreMatchContainerRequestContext.java:363)
	at org.jboss.resteasy.core.ResourceMethodInvoker.invokeOnTarget(ResourceMethodInvoker.java:423)
	at org.jboss.resteasy.core.ResourceMethodInvoker.invoke(ResourceMethodInvoker.java:391)
	at org.jboss.resteasy.core.ResourceMethodInvoker.lambda$invoke$1(ResourceMethodInvoker.java:365)
	at java.util.concurrent.CompletableFuture.uniComposeStage(CompletableFuture.java:981)
	at java.util.concurrent.CompletableFuture.thenCompose(CompletableFuture.java:2124)
	at java.util.concurrent.CompletableFuture.thenCompose(CompletableFuture.java:110)
	at org.jboss.resteasy.core.ResourceMethodInvoker.invoke(ResourceMethodInvoker.java:365)
	at org.jboss.resteasy.core.SynchronousDispatcher.invoke(SynchronousDispatcher.java:477)
	... 13 more
Caused by: org.hibernate.exception.GenericJDBCException: Unable to acquire JDBC Connection
	at org.hibernate.exception.internal.StandardSQLExceptionConverter.convert(StandardSQLExceptionConverter.java:47)
	at org.hibernate.engine.jdbc.spi.SqlExceptionHelper.convert(SqlExceptionHelper.java:113)
	at org.hibernate.engine.jdbc.spi.SqlExceptionHelper.convert(SqlExceptionHelper.java:99)
	at org.hibernate.resource.jdbc.internal.LogicalConnectionManagedImpl.acquireConnectionIfNeeded(LogicalConnectionManagedImpl.java:107)
	at org.hibernate.resource.jdbc.internal.LogicalConnectionManagedImpl.getPhysicalConnection(LogicalConnectionManagedImpl.java:134)
	at org.hibernate.engine.jdbc.internal.StatementPreparerImpl.connection(StatementPreparerImpl.java:50)
	at org.hibernate.engine.jdbc.internal.StatementPreparerImpl$5.doPrepare(StatementPreparerImpl.java:149)
	at org.hibernate.engine.jdbc.internal.StatementPreparerImpl$StatementPreparationTemplate.prepareStatement(StatementPreparerImpl.java:176)
	at org.hibernate.engine.jdbc.internal.StatementPreparerImpl.prepareQueryStatement(StatementPreparerImpl.java:151)
	at org.hibernate.loader.Loader.prepareQueryStatement(Loader.java:2104)
	at org.hibernate.loader.Loader.executeQueryStatement(Loader.java:2034)
	at org.hibernate.loader.Loader.executeQueryStatement(Loader.java:2012)
	at org.hibernate.loader.Loader.doQuery(Loader.java:953)
	at org.hibernate.loader.Loader.doQueryAndInitializeNonLazyCollections(Loader.java:354)
	at org.hibernate.loader.Loader.doList(Loader.java:2815)
	at org.hibernate.loader.Loader.doList(Loader.java:2797)
	at org.hibernate.loader.Loader.listIgnoreQueryCache(Loader.java:2629)
	at org.hibernate.loader.Loader.list(Loader.java:2624)
	at org.hibernate.loader.hql.QueryLoader.list(QueryLoader.java:506)
	at org.hibernate.hql.internal.ast.QueryTranslatorImpl.list(QueryTranslatorImpl.java:396)
	at org.hibernate.engine.query.spi.HQLQueryPlan.performList(HQLQueryPlan.java:219)
	at org.hibernate.internal.SessionImpl.list(SessionImpl.java:1396)
	at org.hibernate.query.internal.AbstractProducedQuery.doList(AbstractProducedQuery.java:1558)
	at org.hibernate.query.internal.AbstractProducedQuery.list(AbstractProducedQuery.java:1526)
	... 51 more
Caused by: org.h2.jdbc.JdbcSQLException: Connection is broken: "java.net.SocketTimeoutException: connect timed out: localhost" [90067-197]
	at org.h2.message.DbException.getJdbcSQLException(DbException.java:357)
	at org.h2.message.DbException.get(DbException.java:168)
	at org.h2.engine.SessionRemote.connectServer(SessionRemote.java:451)
	at org.h2.engine.SessionRemote.connectEmbeddedOrServer(SessionRemote.java:332)
	at org.h2.jdbc.JdbcConnection.<init>(JdbcConnection.java:124)
	at org.h2.jdbc.JdbcConnection.<init>(JdbcConnection.java:103)
	at org.h2.Driver.connect(Driver.java:69)
	at io.agroal.pool.ConnectionFactory.createConnection(ConnectionFactory.java:200)
	at io.agroal.pool.ConnectionPool$CreateConnectionTask.call(ConnectionPool.java:390)
	at io.agroal.pool.ConnectionPool$CreateConnectionTask.call(ConnectionPool.java:372)
	at java.util.concurrent.FutureTask.run(FutureTask.java:266)
	at io.agroal.pool.util.PriorityScheduledExecutor.beforeExecute(PriorityScheduledExecutor.java:65)
	at java.util.concurrent.ThreadPoolExecutor.runWorker(ThreadPoolExecutor.java:1146)
	at java.util.concurrent.ThreadPoolExecutor$Worker.run(ThreadPoolExecutor.java:624)
	... 1 more
Caused by: java.net.SocketTimeoutException: connect timed out
	at java.net.DualStackPlainSocketImpl.waitForConnect(Native Method)
	at java.net.DualStackPlainSocketImpl.socketConnect(DualStackPlainSocketImpl.java:85)
	at java.net.AbstractPlainSocketImpl.doConnect(AbstractPlainSocketImpl.java:350)
	at java.net.AbstractPlainSocketImpl.connectToAddress(AbstractPlainSocketImpl.java:206)
	at java.net.AbstractPlainSocketImpl.connect(AbstractPlainSocketImpl.java:188)
	at java.net.PlainSocketImpl.connect(PlainSocketImpl.java:172)
	at java.net.SocksSocketImpl.connect(SocksSocketImpl.java:392)
	at java.net.Socket.connect(Socket.java:589)
	at org.h2.util.NetUtils.createSocket(NetUtils.java:103)
	at org.h2.util.NetUtils.createSocket(NetUtils.java:83)
	at org.h2.engine.SessionRemote.initTransfer(SessionRemote.java:114)
	at org.h2.engine.SessionRemote.connectServer(SessionRemote.java:447)
	... 12 more

]]></system-out>
  </testcase>
</testsuite>